z(10) = 0.7784180374597727
rho1_z(10) = -0.0778336802081909
rho2_z(10) = -0.0000081235377864
s(0) = 1.0000000000000000
s(10) = 0.8672053048004046
Put_FST = 15.8587171702497649
GMMB_FST = -0.0000000000003713
Time used: 9.086733
Delta_Put = -0.2851798089966587
Delta_GMMB = -0.4162717019499442
Gamma_Put = 0.0055049515372804
Gamma_GMMB = 0.0054177473774584
Rho1_Put = -4.4371758355264337
Rho2_Put = -0.0004939428560587
Rho1_GMMB = -4.1139936030169881
Rho2_GMMB = -0.0004579664690787
Vega1_Put = 0.5504435468784198
Vega2_Put = 0.0001043104931637
Vega1_GMMB = 0.5103519253169505
Vega2_GMMB = 0.0000967130259199
Lamb1_Put = 0.1511416152160741
Lamb2_Put = 0.0000113090485018
Lamb1_GMMB = 0.1511538958957652
Lamb2_GMMB = 0.0000101129117496
Mu1_Put = 0.1240430937983768
Mu2_Put = -0.0000066462837324
Mu1_GMMB = 0.1209541993843903
Mu2_GMMB = -0.0000052678462823
Nu1_Put = 0.0653933630392800
Nu2_Put = 0.0000174966186302
Nu1_GMMB = 0.0612250095375786
Nu2_GMMB = 0.0000164011212354
Alpha_GMMB = -142.8589183054849627
Alpha2_GMMB = 2723.2986109297557960
0 -1.4210854715202004e-14 0.0
1 -0.7095739618126906 5.704099457448149
2 0.12496774750470792 8.85020282542494
3 0.10196305443415028 10.774095480135307
4 0.9875254744452301 12.721598771353403
5 1.5887626685509435 14.099136199065036
6 2.8158682694057244 14.972831752506222
7 4.390539593900043 16.532861880152755
8 5.362773565301037 16.501165697181637
9 7.778008914927373 17.340171499592667
10 10.379777139488574 18.681347081963988
0 -4.860048761656799e-06 0.0
1 -1.192711588893009 0.3283789029189348
2 -2.533635473442183 1.0088915698739034
3 -4.167738589261124 2.3492446840495975
4 -6.286251749861555 4.306651183386564
5 -9.571104188590116 7.354569999833685
6 -14.9150709269163 10.748884071904897
7 -23.472284569855308 17.293669351482077
8 -40.11062862244052 28.83774880805492
9 -73.10255941934484 56.04323285480238
10 -132.84752266355977 140.47044256649818
0 0.0014117206307666663 0.0
1 -0.19569771746035394 2.9555877081068167
2 -1.1936821770966373 4.331441575814202
3 -1.8313884570882726 5.042271702653465
4 -2.958054828841184 5.647776529546404
5 -4.096713697790664 5.7074235554314265
6 -5.681608014268086 5.8321798869632175
7 -7.550309946770545 5.900743585731974
8 -9.727136581225222 5.886860620676298
9 -13.030713659353102 6.783070858933693
10 -17.525114200464245 8.040709049118565
0 1.8846166024632744 1.1102230246251565e-15
1 3.2890226480153535 7.4884093807634455
2 2.6269426455949474 11.874256761094195
3 3.152962338903095 14.599451412417274
4 2.4559612811578457 17.505767822963083
5 2.2188007858500987 19.847187592549442
6 1.1780729084364605 21.40937629946823
7 -0.35971371436915384 24.294492045760684
8 -0.8332462872060228 24.798604189992478
9 -3.4065855732394565 26.705753081114423
10 -6.162035462201645 29.466292211314265
To:whu7@ncsu.edu
From:"Math HPC" <support@math.ncsu.edu>
Subject:gmmb_rsmjd_put.py.job Finished
gmmb_rsmjd_put.py.job (Job ID 24402) on ma-pm-hpc14 finished with exit code 
