z(10) = 0.7784180374597727
rho1_z(10) = -0.0778336802081909
rho2_z(10) = -0.0000081235377864
s(0) = 1.0000000000000000
s(10) = 0.8672053048004046
Put_FST = 15.8587171702497649
Call_FST = 19.8899884685850949
GMMB_FST = -0.0000000000003713
Time used: 9.485095
Delta_Put = -0.2851798089966587
Delta_Call = 0.5335509441377874
Delta_GMMB = -0.4162717019499442
Gamma_Put = 0.0055049515372804
Gamma_Call = 0.0055049515381228
Gamma_GMMB = 0.0054177473774584
Rho1_Put = -4.4371758355264337
Rho2_Put = -0.0004939428560587
Rho1_Call = 3.3461921856953296
Rho2_Call = 0.0003184109226161
Rho1_GMMB = -4.1139936030169881
Rho2_GMMB = -0.0004579664690787
Vega1_Put = 0.5504435468784198
Vega2_Put = 0.0001043104931637
Vega1_Call = 0.5504435469626432
Vega2_Call = 0.0001043104931832
Vega1_GMMB = 0.5103519253169505
Vega2_GMMB = 0.0000967130259199
Lamb1_Put = 0.1511416152160741
Lamb2_Put = 0.0000113090485018
Lamb1_GMMB = 0.1511538958957652
Lamb2_GMMB = 0.0000101129117496
Mu1_Put = 0.1240430937983768
Mu2_Put = -0.0000066462837324
Mu1_GMMB = 0.1209541993843903
Mu2_GMMB = -0.0000052678462823
Nu1_Put = 0.0653933630392800
Nu2_Put = 0.0000174966186302
Nu1_GMMB = 0.0612250095375786
Nu2_GMMB = 0.0000164011212354
Alpha_GMMB = -142.8589183054849627
Alpha2_GMMB = 2723.2986109297557960
(array([[-3.71258579e-13,  3.28859981e+01,  3.47988970e+01,
         3.66238142e+01,  7.21721867e-01,  6.97643619e-01,
         7.78418037e-01,  7.61056976e-01],
       [-4.16271702e-01,  7.73637808e-01,  7.82371665e-01,
         7.90611246e-01,  0.00000000e+00,  0.00000000e+00,
         0.00000000e+00,  0.00000000e+00],
       [ 5.41774738e-03,  5.38122464e-03,  4.97786288e-03,
         4.63032146e-03,  0.00000000e+00,  0.00000000e+00,
         0.00000000e+00,  0.00000000e+00],
       [-4.11399360e+00,  4.44735351e+00,  4.77775116e+00,
         5.09198657e+00, -7.21646548e-02, -7.67327893e-02,
        -7.78336802e-02, -8.37075306e-02],
       [ 5.10351925e-01,  5.38069468e-01,  5.47510579e-01,
         5.55583102e-01,  0.00000000e+00,  0.00000000e+00,
         0.00000000e+00,  0.00000000e+00],
       [-1.42858918e+02,  0.00000000e+00,  0.00000000e+00,
         0.00000000e+00, -1.10261408e+01, -1.22615907e+01,
         0.00000000e+00,  0.00000000e+00],
       [ 2.72329861e+03,  0.00000000e+00,  0.00000000e+00,
         0.00000000e+00,  1.68452399e+02,  2.15506317e+02,
         0.00000000e+00,  0.00000000e+00]]), array([-1.00000000e+00, -1.24244157e+03,  2.68904261e+03, -1.44577660e+03,
       -8.38397657e+00,  1.91901548e+01,  7.89591753e+03, -7.77943525e+03]))
0 0.00020894496901746606 0.0
1 -1.1846010991004214 1.9336380269410987
2 -2.1220876847478927 6.24561930201236
3 -2.5612668942196857 11.982641186989493
4 -2.7991223257245434 21.080841431612956
5 -1.3537674899472094 35.819562704767925
6 7.382313026439134 62.19600043963617
7 13.52468494213832 101.3387538750435
8 42.49111765255375 168.06535021460445
9 103.42195893730842 316.3891411954494
10 232.86932535455634 762.1301291715027
0 0.0004112648800269625 0.0
1 -0.16548478068585804 5.216062588436887
2 -0.07660082585101335 7.785517178330867
3 -0.9496620625170281 9.69020419638168
4 -1.9250846632122218 10.965760014956146
5 -3.138548638618413 11.637844743519995
6 -4.507968763427783 12.938668850664017
7 -6.275020252301816 13.000442547843555
8 -7.562833725239882 12.431797241091507
9 -10.085786055506667 12.220744528307778
10 -13.224663671790779 10.354979181413682
0 -0.06745105971543808 0.0
1 -0.18326159109945744 3.204826327921282
2 -0.38161289220237565 4.70596459899086
3 -1.306531108680942 6.12994211034135
4 -2.325738506527834 7.61419927150092
5 -3.319644296255522 8.892625879083194
6 -5.22196630064464 11.174277591755502
7 -7.0580542680263045 12.959737634599358
8 -8.110983472958408 14.247450097683231
9 -11.461549395715858 17.379487663217038
10 -13.492346478144805 19.283272061838627
To:whu7@ncsu.edu
From:"Math HPC" <support@math.ncsu.edu>
Subject:gmmb_rsmjd_call.py.job Finished
gmmb_rsmjd_call.py.job (Job ID 24403) on ma-pm-hpc14 finished with exit code 
