0 7.283063041541027e-14 0.0
1 -0.36371903106930636 4.82538578338545
2 -0.8206326851419751 7.336902533397559
3 -0.6335616056808929 8.739638571752238
4 0.7873107262312298 11.20393030164166
5 0.5362777116626453 11.904285136237853
6 1.3451510884634195 12.555255381243553
7 2.794494332597058 13.123979993591844
8 4.660512269875778 14.809425401046706
9 6.752423928521688 15.802056009408439
10 9.525951630045126 17.001905348500763
0 -1.6088620213849936e-08 0.0
1 -0.9181640107003534 0.22139307322087898
2 -1.9948686427535232 0.9056197191696019
3 -3.447198250406108 1.7161165574762576
4 -4.980222672393153 4.200199749524639
5 -8.637757855058574 5.6105742995449495
6 -12.505507066373193 9.677921115023347
7 -21.400200675933405 16.169170865183773
8 -36.22985422080152 28.476209812815245
9 -66.73664388475419 55.39549245868656
10 -117.88177494057643 138.74632607322852
0 0.012062709601629251 0.0
1 -1.0481419362422082 0.5802834225222123
2 -2.0429913188858215 1.4702877501634155
3 -3.247213716187348 1.9078762501388902
4 -4.168006488004756 3.7278249194548145
5 -5.515211721622952 3.9796432413848764
6 -7.029326896083949 5.175848128293162
7 -8.607506813950346 6.224384185296964
8 -9.82522332473225 8.563000745313873
9 -11.331542826806526 10.603949113328364
10 -12.568612875890581 13.019669602230351
0 0.00172753333242337 0.0
1 -0.2173784206826341 2.563783449391919
2 -0.4107377813171546 3.7932250236751295
3 -1.0328612096202254 4.338474102352257
4 -2.2450435193467584 5.128810418967298
5 -2.9171571708775716 5.397061386769133
6 -4.077914152644612 5.311988907696496
7 -5.862167925325651 5.607481368311966
8 -8.096419618058171 6.183665437934109
9 -11.08680588794629 7.09135609988232
10 -15.883782251760287 8.90546705414197
